srun: Job step aborted: Waiting up to 32 seconds for job step to finish.
0: slurmstepd-lupus: error: *** STEP 14975838.0 ON lupus CANCELLED AT 2023-07-28T17:14:06 ***
slurmstepd-lupus: error: *** JOB 14975838 ON lupus CANCELLED AT 2023-07-28T17:14:06 ***
